<?xml version="1.0" encoding="UTF-8"?>
<testng-results skipped="2" failed="1" total="7" passed="4">
  <reporter-output>
  </reporter-output>
  <suite name="Suite" duration-ms="219853" started-at="2016-10-26T09:03:59Z" finished-at="2016-10-26T09:07:39Z">
    <groups>
    </groups>
    <test name="Test" duration-ms="219853" started-at="2016-10-26T09:03:59Z" finished-at="2016-10-26T09:07:39Z">
      <class name="Negativeburpp.Settings">
        <test-method status="PASS" signature="beforeClass()[pri:0, instance:Negativeburpp.Settings@6fd02e5]" name="beforeClass" is-config="true" duration-ms="12795" started-at="2016-10-26T14:33:59Z" finished-at="2016-10-26T14:34:12Z">
          <reporter-output>
          </reporter-output>
        </test-method> <!-- beforeClass -->
        <test-method status="PASS" signature="beforeMethod()[pri:0, instance:Negativeburpp.Settings@6fd02e5]" name="beforeMethod" is-config="true" duration-ms="556" started-at="2016-10-26T14:34:12Z" finished-at="2016-10-26T14:34:12Z">
          <reporter-output>
          </reporter-output>
        </test-method> <!-- beforeMethod -->
        <test-method status="PASS" signature="currency()[pri:1, instance:Negativeburpp.Settings@6fd02e5]" name="currency" duration-ms="18266" started-at="2016-10-26T14:34:12Z" finished-at="2016-10-26T14:34:31Z">
          <reporter-output>
          </reporter-output>
        </test-method> <!-- currency -->
        <test-method status="PASS" signature="afterMethod()[pri:0, instance:Negativeburpp.Settings@6fd02e5]" name="afterMethod" is-config="true" duration-ms="5385" started-at="2016-10-26T14:34:31Z" finished-at="2016-10-26T14:34:36Z">
          <reporter-output>
          </reporter-output>
        </test-method> <!-- afterMethod -->
        <test-method status="PASS" signature="beforeMethod()[pri:0, instance:Negativeburpp.Settings@6fd02e5]" name="beforeMethod" is-config="true" duration-ms="7146" started-at="2016-10-26T14:34:36Z" finished-at="2016-10-26T14:34:43Z">
          <reporter-output>
          </reporter-output>
        </test-method> <!-- beforeMethod -->
        <test-method status="FAIL" signature="taxes()[pri:2, instance:Negativeburpp.Settings@6fd02e5]" name="taxes" duration-ms="83519" started-at="2016-10-26T14:34:43Z" finished-at="2016-10-26T14:36:07Z">
          <exception class="org.openqa.selenium.NoSuchElementException">
            <message>
              <![CDATA[Unable to locate element: {"method":"xpath","selector":".//*[@id='taxes-table']/tbody/tr[6]/td[4]/md-icon"}
Command duration or timeout: 50.12 seconds
For documentation on this error, please visit: http://seleniumhq.org/exceptions/no_such_element.html
Build info: version: '2.53.1', revision: 'a36b8b1', time: '2016-06-30 17:32:46'
System info: host: 'DESKTOP-6O6VN48', ip: '192.168.1.18', os.name: 'Windows 10', os.arch: 'amd64', os.version: '10.0', java.version: '1.8.0_91'
Driver info: org.openqa.selenium.firefox.FirefoxDriver
Capabilities [{applicationCacheEnabled=true, rotatable=false, handlesAlerts=true, databaseEnabled=true, version=47.0.1, platform=WINDOWS, nativeEvents=false, acceptSslCerts=true, webStorageEnabled=true, locationContextEnabled=true, browserName=firefox, takesScreenshot=true, javascriptEnabled=true, cssSelectorsEnabled=true}]
Session ID: 5a133cdf-7aad-4b32-b5a4-21f75285e50c
*** Element info: {Using=xpath, value=.//*[@id='taxes-table']/tbody/tr[6]/td[4]/md-icon}]]>
            </message>
            <full-stacktrace>
              <![CDATA[org.openqa.selenium.NoSuchElementException: Unable to locate element: {"method":"xpath","selector":".//*[@id='taxes-table']/tbody/tr[6]/td[4]/md-icon"}
Command duration or timeout: 50.12 seconds
For documentation on this error, please visit: http://seleniumhq.org/exceptions/no_such_element.html
Build info: version: '2.53.1', revision: 'a36b8b1', time: '2016-06-30 17:32:46'
System info: host: 'DESKTOP-6O6VN48', ip: '192.168.1.18', os.name: 'Windows 10', os.arch: 'amd64', os.version: '10.0', java.version: '1.8.0_91'
Driver info: org.openqa.selenium.firefox.FirefoxDriver
Capabilities [{applicationCacheEnabled=true, rotatable=false, handlesAlerts=true, databaseEnabled=true, version=47.0.1, platform=WINDOWS, nativeEvents=false, acceptSslCerts=true, webStorageEnabled=true, locationContextEnabled=true, browserName=firefox, takesScreenshot=true, javascriptEnabled=true, cssSelectorsEnabled=true}]
Session ID: 5a133cdf-7aad-4b32-b5a4-21f75285e50c
*** Element info: {Using=xpath, value=.//*[@id='taxes-table']/tbody/tr[6]/td[4]/md-icon}
	at sun.reflect.NativeConstructorAccessorImpl.newInstance0(Native Method)
	at sun.reflect.NativeConstructorAccessorImpl.newInstance(Unknown Source)
	at sun.reflect.DelegatingConstructorAccessorImpl.newInstance(Unknown Source)
	at java.lang.reflect.Constructor.newInstance(Unknown Source)
	at org.openqa.selenium.remote.ErrorHandler.createThrowable(ErrorHandler.java:206)
	at org.openqa.selenium.remote.ErrorHandler.throwIfResponseFailed(ErrorHandler.java:158)
	at org.openqa.selenium.remote.RemoteWebDriver.execute(RemoteWebDriver.java:678)
	at org.openqa.selenium.remote.RemoteWebDriver.findElement(RemoteWebDriver.java:363)
	at org.openqa.selenium.remote.RemoteWebDriver.findElementByXPath(RemoteWebDriver.java:500)
	at org.openqa.selenium.By$ByXPath.findElement(By.java:361)
	at org.openqa.selenium.remote.RemoteWebDriver.findElement(RemoteWebDriver.java:355)
	at Negativeburpp.Settings.taxes(Settings.java:108)
	at sun.reflect.NativeMethodAccessorImpl.invoke0(Native Method)
	at sun.reflect.NativeMethodAccessorImpl.invoke(Unknown Source)
	at sun.reflect.DelegatingMethodAccessorImpl.invoke(Unknown Source)
	at java.lang.reflect.Method.invoke(Unknown Source)
	at org.testng.internal.MethodInvocationHelper.invokeMethod(MethodInvocationHelper.java:85)
	at org.testng.internal.Invoker.invokeMethod(Invoker.java:639)
	at org.testng.internal.Invoker.invokeTestMethod(Invoker.java:816)
	at org.testng.internal.Invoker.invokeTestMethods(Invoker.java:1124)
	at org.testng.internal.TestMethodWorker.invokeTestMethods(TestMethodWorker.java:125)
	at org.testng.internal.TestMethodWorker.run(TestMethodWorker.java:108)
	at org.testng.TestRunner.privateRun(TestRunner.java:774)
	at org.testng.TestRunner.run(TestRunner.java:624)
	at org.testng.SuiteRunner.runTest(SuiteRunner.java:359)
	at org.testng.SuiteRunner.runSequentially(SuiteRunner.java:354)
	at org.testng.SuiteRunner.privateRun(SuiteRunner.java:312)
	at org.testng.SuiteRunner.run(SuiteRunner.java:261)
	at org.testng.SuiteRunnerWorker.runSuite(SuiteRunnerWorker.java:52)
	at org.testng.SuiteRunnerWorker.run(SuiteRunnerWorker.java:86)
	at org.testng.TestNG.runSuitesSequentially(TestNG.java:1215)
	at org.testng.TestNG.runSuitesLocally(TestNG.java:1140)
	at org.testng.TestNG.run(TestNG.java:1048)
	at org.testng.remote.AbstractRemoteTestNG.run(AbstractRemoteTestNG.java:126)
	at org.testng.remote.RemoteTestNG.initAndRun(RemoteTestNG.java:152)
	at org.testng.remote.RemoteTestNG.main(RemoteTestNG.java:57)
Caused by: org.openqa.selenium.NoSuchElementException: Unable to locate element: {"method":"xpath","selector":".//*[@id='taxes-table']/tbody/tr[6]/td[4]/md-icon"}
For documentation on this error, please visit: http://seleniumhq.org/exceptions/no_such_element.html
Build info: version: '2.53.1', revision: 'a36b8b1', time: '2016-06-30 17:32:46'
System info: host: 'DESKTOP-6O6VN48', ip: '192.168.1.18', os.name: 'Windows 10', os.arch: 'amd64', os.version: '10.0', java.version: '1.8.0_91'
Driver info: driver.version: unknown
	at <anonymous class>.FirefoxDriver.prototype.findElementInternal_(file:///C:/Users/Preethi/AppData/Local/Temp/anonymous6312387004533450855webdriver-profile/extensions/fxdriver@googlecode.com/components/driver-component.js:10770)
	at <anonymous class>.fxdriver.Timer.prototype.setTimeout/<.notify(file:///C:/Users/Preethi/AppData/Local/Temp/anonymous6312387004533450855webdriver-profile/extensions/fxdriver@googlecode.com/components/driver-component.js:625)
]]>
            </full-stacktrace>
          </exception> <!-- org.openqa.selenium.NoSuchElementException -->
          <reporter-output>
          </reporter-output>
        </test-method> <!-- taxes -->
        <test-method status="FAIL" signature="afterMethod()[pri:0, instance:Negativeburpp.Settings@6fd02e5]" name="afterMethod" is-config="true" duration-ms="0" started-at="2016-10-26T14:36:07Z" finished-at="2016-10-26T14:36:07Z">
          <exception class="org.openqa.selenium.remote.UnreachableBrowserException">
            <message>
              <![CDATA[Error communicating with the remote browser. It may have died.
Build info: version: '2.53.1', revision: 'a36b8b1', time: '2016-06-30 17:32:46'
System info: host: 'DESKTOP-6O6VN48', ip: '192.168.1.18', os.name: 'Windows 10', os.arch: 'amd64', os.version: '10.0', java.version: '1.8.0_91'
Driver info: driver.version: RemoteWebDriver
Capabilities [{applicationCacheEnabled=true, rotatable=false, handlesAlerts=true, databaseEnabled=true, version=47.0.1, platform=WINDOWS, nativeEvents=false, acceptSslCerts=true, webStorageEnabled=true, locationContextEnabled=true, browserName=firefox, takesScreenshot=true, javascriptEnabled=true, cssSelectorsEnabled=true}]
Session ID: 5a133cdf-7aad-4b32-b5a4-21f75285e50c]]>
            </message>
            <full-stacktrace>
              <![CDATA[org.openqa.selenium.remote.UnreachableBrowserException: Error communicating with the remote browser. It may have died.
Build info: version: '2.53.1', revision: 'a36b8b1', time: '2016-06-30 17:32:46'
System info: host: 'DESKTOP-6O6VN48', ip: '192.168.1.18', os.name: 'Windows 10', os.arch: 'amd64', os.version: '10.0', java.version: '1.8.0_91'
Driver info: driver.version: RemoteWebDriver
Capabilities [{applicationCacheEnabled=true, rotatable=false, handlesAlerts=true, databaseEnabled=true, version=47.0.1, platform=WINDOWS, nativeEvents=false, acceptSslCerts=true, webStorageEnabled=true, locationContextEnabled=true, browserName=firefox, takesScreenshot=true, javascriptEnabled=true, cssSelectorsEnabled=true}]
Session ID: 5a133cdf-7aad-4b32-b5a4-21f75285e50c
	at org.openqa.selenium.remote.RemoteWebDriver.execute(RemoteWebDriver.java:665)
	at org.openqa.selenium.remote.RemoteWebDriver.findElement(RemoteWebDriver.java:363)
	at org.openqa.selenium.remote.RemoteWebDriver.findElementByXPath(RemoteWebDriver.java:500)
	at org.openqa.selenium.By$ByXPath.findElement(By.java:361)
	at org.openqa.selenium.remote.RemoteWebDriver.findElement(RemoteWebDriver.java:355)
	at Negativeburpp.Settings.afterMethod(Settings.java:258)
	at sun.reflect.NativeMethodAccessorImpl.invoke0(Native Method)
	at sun.reflect.NativeMethodAccessorImpl.invoke(Unknown Source)
	at sun.reflect.DelegatingMethodAccessorImpl.invoke(Unknown Source)
	at java.lang.reflect.Method.invoke(Unknown Source)
	at org.testng.internal.MethodInvocationHelper.invokeMethod(MethodInvocationHelper.java:85)
	at org.testng.internal.Invoker.invokeConfigurationMethod(Invoker.java:510)
	at org.testng.internal.Invoker.invokeConfigurations(Invoker.java:211)
	at org.testng.internal.Invoker.invokeMethod(Invoker.java:703)
	at org.testng.internal.Invoker.invokeTestMethod(Invoker.java:816)
	at org.testng.internal.Invoker.invokeTestMethods(Invoker.java:1124)
	at org.testng.internal.TestMethodWorker.invokeTestMethods(TestMethodWorker.java:125)
	at org.testng.internal.TestMethodWorker.run(TestMethodWorker.java:108)
	at org.testng.TestRunner.privateRun(TestRunner.java:774)
	at org.testng.TestRunner.run(TestRunner.java:624)
	at org.testng.SuiteRunner.runTest(SuiteRunner.java:359)
	at org.testng.SuiteRunner.runSequentially(SuiteRunner.java:354)
	at org.testng.SuiteRunner.privateRun(SuiteRunner.java:312)
	at org.testng.SuiteRunner.run(SuiteRunner.java:261)
	at org.testng.SuiteRunnerWorker.runSuite(SuiteRunnerWorker.java:52)
	at org.testng.SuiteRunnerWorker.run(SuiteRunnerWorker.java:86)
	at org.testng.TestNG.runSuitesSequentially(TestNG.java:1215)
	at org.testng.TestNG.runSuitesLocally(TestNG.java:1140)
	at org.testng.TestNG.run(TestNG.java:1048)
	at org.testng.remote.AbstractRemoteTestNG.run(AbstractRemoteTestNG.java:126)
	at org.testng.remote.RemoteTestNG.initAndRun(RemoteTestNG.java:152)
	at org.testng.remote.RemoteTestNG.main(RemoteTestNG.java:57)
Caused by: org.apache.http.conn.HttpHostConnectException: Connect to 127.0.0.1:7055 [/127.0.0.1] failed: Connection refused: connect
	at org.apache.http.impl.conn.DefaultHttpClientConnectionOperator.connect(DefaultHttpClientConnectionOperator.java:151)
	at org.apache.http.impl.conn.PoolingHttpClientConnectionManager.connect(PoolingHttpClientConnectionManager.java:353)
	at org.apache.http.impl.execchain.MainClientExec.establishRoute(MainClientExec.java:380)
	at org.apache.http.impl.execchain.MainClientExec.execute(MainClientExec.java:236)
	at org.apache.http.impl.execchain.ProtocolExec.execute(ProtocolExec.java:184)
	at org.apache.http.impl.execchain.RetryExec.execute(RetryExec.java:88)
	at org.apache.http.impl.execchain.RedirectExec.execute(RedirectExec.java:110)
	at org.apache.http.impl.client.InternalHttpClient.doExecute(InternalHttpClient.java:184)
	at org.apache.http.impl.client.CloseableHttpClient.execute(CloseableHttpClient.java:71)
	at org.apache.http.impl.client.CloseableHttpClient.execute(CloseableHttpClient.java:55)
	at org.openqa.selenium.remote.internal.ApacheHttpClient.fallBackExecute(ApacheHttpClient.java:162)
	at org.openqa.selenium.remote.internal.ApacheHttpClient.execute(ApacheHttpClient.java:90)
	at org.openqa.selenium.remote.HttpCommandExecutor.execute(HttpCommandExecutor.java:142)
	at org.openqa.selenium.firefox.internal.NewProfileExtensionConnection.execute(NewProfileExtensionConnection.java:160)
	at org.openqa.selenium.firefox.FirefoxDriver$LazyCommandExecutor.execute(FirefoxDriver.java:380)
	at org.openqa.selenium.remote.RemoteWebDriver.execute(RemoteWebDriver.java:644)
	... 31 more
Caused by: java.net.ConnectException: Connection refused: connect
	at java.net.DualStackPlainSocketImpl.waitForConnect(Native Method)
	at java.net.DualStackPlainSocketImpl.socketConnect(Unknown Source)
	at java.net.AbstractPlainSocketImpl.doConnect(Unknown Source)
	at java.net.AbstractPlainSocketImpl.connectToAddress(Unknown Source)
	at java.net.AbstractPlainSocketImpl.connect(Unknown Source)
	at java.net.PlainSocketImpl.connect(Unknown Source)
	at java.net.SocksSocketImpl.connect(Unknown Source)
	at java.net.Socket.connect(Unknown Source)
	at org.apache.http.conn.socket.PlainConnectionSocketFactory.connectSocket(PlainConnectionSocketFactory.java:74)
	at org.apache.http.impl.conn.DefaultHttpClientConnectionOperator.connect(DefaultHttpClientConnectionOperator.java:134)
	... 46 more
]]>
            </full-stacktrace>
          </exception> <!-- org.openqa.selenium.remote.UnreachableBrowserException -->
          <reporter-output>
          </reporter-output>
        </test-method> <!-- afterMethod -->
        <test-method status="SKIP" signature="beforeMethod()[pri:0, instance:Negativeburpp.Settings@6fd02e5]" name="beforeMethod" is-config="true" duration-ms="0" started-at="2016-10-26T14:36:11Z" finished-at="2016-10-26T14:36:11Z">
          <reporter-output>
          </reporter-output>
        </test-method> <!-- beforeMethod -->
        <test-method status="SKIP" signature="tables()[pri:3, instance:Negativeburpp.Settings@6fd02e5]" name="tables" duration-ms="1" started-at="2016-10-26T14:36:11Z" finished-at="2016-10-26T14:36:11Z">
          <reporter-output>
          </reporter-output>
        </test-method> <!-- tables -->
        <test-method status="SKIP" signature="afterMethod()[pri:0, instance:Negativeburpp.Settings@6fd02e5]" name="afterMethod" is-config="true" duration-ms="0" started-at="2016-10-26T14:36:11Z" finished-at="2016-10-26T14:36:11Z">
          <reporter-output>
          </reporter-output>
        </test-method> <!-- afterMethod -->
        <test-method status="SKIP" signature="beforeMethod()[pri:0, instance:Negativeburpp.Settings@6fd02e5]" name="beforeMethod" is-config="true" duration-ms="0" started-at="2016-10-26T14:36:11Z" finished-at="2016-10-26T14:36:11Z">
          <reporter-output>
          </reporter-output>
        </test-method> <!-- beforeMethod -->
        <test-method status="SKIP" signature="billing()[pri:4, instance:Negativeburpp.Settings@6fd02e5]" name="billing" duration-ms="1" started-at="2016-10-26T14:36:11Z" finished-at="2016-10-26T14:36:11Z">
          <reporter-output>
          </reporter-output>
        </test-method> <!-- billing -->
        <test-method status="SKIP" signature="afterMethod()[pri:0, instance:Negativeburpp.Settings@6fd02e5]" name="afterMethod" is-config="true" duration-ms="0" started-at="2016-10-26T14:36:11Z" finished-at="2016-10-26T14:36:11Z">
          <reporter-output>
          </reporter-output>
        </test-method> <!-- afterMethod -->
        <test-method status="SKIP" signature="afterClass()[pri:0, instance:Negativeburpp.Settings@6fd02e5]" name="afterClass" is-config="true" duration-ms="0" started-at="2016-10-26T14:36:11Z" finished-at="2016-10-26T14:36:11Z">
          <reporter-output>
          </reporter-output>
        </test-method> <!-- afterClass -->
      </class> <!-- Negativeburpp.Settings -->
      <class name="Negativeburpp.Bills">
        <test-method status="PASS" signature="beforeClass()[pri:0, instance:Negativeburpp.Bills@5bcab519]" name="beforeClass" is-config="true" duration-ms="13554" started-at="2016-10-26T14:36:11Z" finished-at="2016-10-26T14:36:25Z">
          <reporter-output>
          </reporter-output>
        </test-method> <!-- beforeClass -->
        <test-method status="PASS" signature="f()[pri:0, instance:Negativeburpp.Bills@5bcab519]" name="f" duration-ms="17920" started-at="2016-10-26T14:36:25Z" finished-at="2016-10-26T14:36:43Z">
          <reporter-output>
          </reporter-output>
        </test-method> <!-- f -->
        <test-method status="PASS" signature="afterClass()[pri:0, instance:Negativeburpp.Bills@5bcab519]" name="afterClass" is-config="true" duration-ms="1269" started-at="2016-10-26T14:36:43Z" finished-at="2016-10-26T14:36:44Z">
          <reporter-output>
          </reporter-output>
        </test-method> <!-- afterClass -->
      </class> <!-- Negativeburpp.Bills -->
      <class name="Negativeburpp.Burpplogin">
        <test-method status="PASS" signature="beforeClass()[pri:0, instance:Negativeburpp.Burpplogin@5f2108b5]" name="beforeClass" is-config="true" duration-ms="15841" started-at="2016-10-26T14:37:05Z" finished-at="2016-10-26T14:37:21Z">
          <reporter-output>
          </reporter-output>
        </test-method> <!-- beforeClass -->
        <test-method status="PASS" signature="order()[pri:0, instance:Negativeburpp.Burpplogin@5f2108b5]" name="order" duration-ms="17103" started-at="2016-10-26T14:37:21Z" finished-at="2016-10-26T14:37:38Z">
          <reporter-output>
          </reporter-output>
        </test-method> <!-- order -->
        <test-method status="PASS" signature="afterClass()[pri:0, instance:Negativeburpp.Burpplogin@5f2108b5]" name="afterClass" is-config="true" duration-ms="1123" started-at="2016-10-26T14:37:38Z" finished-at="2016-10-26T14:37:39Z">
          <reporter-output>
          </reporter-output>
        </test-method> <!-- afterClass -->
      </class> <!-- Negativeburpp.Burpplogin -->
      <class name="Negativeburpp.Users">
        <test-method status="PASS" signature="beforeClass()[pri:0, instance:Negativeburpp.Users@e45f292]" name="beforeClass" is-config="true" duration-ms="12839" started-at="2016-10-26T14:36:44Z" finished-at="2016-10-26T14:36:57Z">
          <reporter-output>
          </reporter-output>
        </test-method> <!-- beforeClass -->
        <test-method status="PASS" signature="beforeMethod()[pri:0, instance:Negativeburpp.Users@e45f292]" name="beforeMethod" is-config="true" duration-ms="589" started-at="2016-10-26T14:36:57Z" finished-at="2016-10-26T14:36:57Z">
          <reporter-output>
          </reporter-output>
        </test-method> <!-- beforeMethod -->
        <test-method status="PASS" signature="f()[pri:0, instance:Negativeburpp.Users@e45f292]" name="f" duration-ms="6955" started-at="2016-10-26T14:36:57Z" finished-at="2016-10-26T14:37:04Z">
          <reporter-output>
          </reporter-output>
        </test-method> <!-- f -->
        <test-method status="PASS" signature="afterMethod()[pri:0, instance:Negativeburpp.Users@e45f292]" name="afterMethod" is-config="true" duration-ms="144" started-at="2016-10-26T14:37:04Z" finished-at="2016-10-26T14:37:04Z">
          <reporter-output>
          </reporter-output>
        </test-method> <!-- afterMethod -->
        <test-method status="PASS" signature="afterClass()[pri:0, instance:Negativeburpp.Users@e45f292]" name="afterClass" is-config="true" duration-ms="514" started-at="2016-10-26T14:37:04Z" finished-at="2016-10-26T14:37:05Z">
          <reporter-output>
          </reporter-output>
        </test-method> <!-- afterClass -->
      </class> <!-- Negativeburpp.Users -->
    </test> <!-- Test -->
  </suite> <!-- Suite -->
</testng-results>
